<infa>
  <infas money="849">На самом деле, этой новости десять дней — но пока осознаешь, пока примеришь.
 В общем, знаменитый итальянский модный дом Gucci в коллаборации с белорусской IT-компанией Wanna
 выпустил цифровые кроссовки Gucci Virtual 25. В отличие от «живых»
 моделей стоимостью от $750 они стоят всего $12. </infas>
  <infa infas="180 млрд">Глава «Газпрома» Алексей Миллер считает,
 что переход на «преимущественное использование»
 российского программного обеспечения и радиоэлектронное и телекоммуникационное
 оборудование обойдется компании в сумму от 180 млрд рублей.</infa>
</infa>